E04: 2 algos x 4 init_scales x 3 noises x 5 seeds = 120 runs

[E04 1/120] Muon-Exact init=0.001 noise=0 seed=0
[E04 2/120] Muon-Exact init=0.001 noise=0 seed=1
[E04 3/120] Muon-Exact init=0.001 noise=0 seed=2
[E04 4/120] Muon-Exact init=0.001 noise=0 seed=3
[E04 5/120] Muon-Exact init=0.001 noise=0 seed=4
[E04 6/120] Muon-Exact init=0.001 noise=0.01 seed=0
[E04 7/120] Muon-Exact init=0.001 noise=0.01 seed=1
[E04 8/120] Muon-Exact init=0.001 noise=0.01 seed=2
[E04 9/120] Muon-Exact init=0.001 noise=0.01 seed=3
[E04 10/120] Muon-Exact init=0.001 noise=0.01 seed=4
[E04 11/120] Muon-Exact init=0.001 noise=0.1 seed=0
[E04 12/120] Muon-Exact init=0.001 noise=0.1 seed=1
[E04 13/120] Muon-Exact init=0.001 noise=0.1 seed=2
[E04 14/120] Muon-Exact init=0.001 noise=0.1 seed=3
[E04 15/120] Muon-Exact init=0.001 noise=0.1 seed=4
[E04 16/120] Muon-Exact init=0.01 noise=0 seed=0
[E04 17/120] Muon-Exact init=0.01 noise=0 seed=1
[E04 18/120] Muon-Exact init=0.01 noise=0 seed=2
[E04 19/120] Muon-Exact init=0.01 noise=0 seed=3
[E04 20/120] Muon-Exact init=0.01 noise=0 seed=4
[E04 21/120] Muon-Exact init=0.01 noise=0.01 seed=0
[E04 22/120] Muon-Exact init=0.01 noise=0.01 seed=1
[E04 23/120] Muon-Exact init=0.01 noise=0.01 seed=2
[E04 24/120] Muon-Exact init=0.01 noise=0.01 seed=3
[E04 25/120] Muon-Exact init=0.01 noise=0.01 seed=4
[E04 26/120] Muon-Exact init=0.01 noise=0.1 seed=0
[E04 27/120] Muon-Exact init=0.01 noise=0.1 seed=1
[E04 28/120] Muon-Exact init=0.01 noise=0.1 seed=2
[E04 29/120] Muon-Exact init=0.01 noise=0.1 seed=3
[E04 30/120] Muon-Exact init=0.01 noise=0.1 seed=4
[E04 31/120] Muon-Exact init=0.1 noise=0 seed=0
[E04 32/120] Muon-Exact init=0.1 noise=0 seed=1
[E04 33/120] Muon-Exact init=0.1 noise=0 seed=2
[E04 34/120] Muon-Exact init=0.1 noise=0 seed=3
[E04 35/120] Muon-Exact init=0.1 noise=0 seed=4
[E04 36/120] Muon-Exact init=0.1 noise=0.01 seed=0
[E04 37/120] Muon-Exact init=0.1 noise=0.01 seed=1
[E04 38/120] Muon-Exact init=0.1 noise=0.01 seed=2
[E04 39/120] Muon-Exact init=0.1 noise=0.01 seed=3
[E04 40/120] Muon-Exact init=0.1 noise=0.01 seed=4
[E04 41/120] Muon-Exact init=0.1 noise=0.1 seed=0
[E04 42/120] Muon-Exact init=0.1 noise=0.1 seed=1
[E04 43/120] Muon-Exact init=0.1 noise=0.1 seed=2
[E04 44/120] Muon-Exact init=0.1 noise=0.1 seed=3
[E04 45/120] Muon-Exact init=0.1 noise=0.1 seed=4
[E04 46/120] Muon-Exact init=1.0 noise=0 seed=0
[E04 47/120] Muon-Exact init=1.0 noise=0 seed=1
[E04 48/120] Muon-Exact init=1.0 noise=0 seed=2
[E04 49/120] Muon-Exact init=1.0 noise=0 seed=3
[E04 50/120] Muon-Exact init=1.0 noise=0 seed=4
[E04 51/120] Muon-Exact init=1.0 noise=0.01 seed=0
[E04 52/120] Muon-Exact init=1.0 noise=0.01 seed=1
[E04 53/120] Muon-Exact init=1.0 noise=0.01 seed=2
[E04 54/120] Muon-Exact init=1.0 noise=0.01 seed=3
[E04 55/120] Muon-Exact init=1.0 noise=0.01 seed=4
[E04 56/120] Muon-Exact init=1.0 noise=0.1 seed=0
[E04 57/120] Muon-Exact init=1.0 noise=0.1 seed=1
[E04 58/120] Muon-Exact init=1.0 noise=0.1 seed=2
[E04 59/120] Muon-Exact init=1.0 noise=0.1 seed=3
[E04 60/120] Muon-Exact init=1.0 noise=0.1 seed=4
[E04 61/120] SGD init=0.001 noise=0 seed=0
[E04 62/120] SGD init=0.001 noise=0 seed=1
[E04 63/120] SGD init=0.001 noise=0 seed=2
[E04 64/120] SGD init=0.001 noise=0 seed=3
[E04 65/120] SGD init=0.001 noise=0 seed=4
[E04 66/120] SGD init=0.001 noise=0.01 seed=0
[E04 67/120] SGD init=0.001 noise=0.01 seed=1
[E04 68/120] SGD init=0.001 noise=0.01 seed=2
[E04 69/120] SGD init=0.001 noise=0.01 seed=3
[E04 70/120] SGD init=0.001 noise=0.01 seed=4
[E04 71/120] SGD init=0.001 noise=0.1 seed=0
[E04 72/120] SGD init=0.001 noise=0.1 seed=1
[E04 73/120] SGD init=0.001 noise=0.1 seed=2
[E04 74/120] SGD init=0.001 noise=0.1 seed=3
[E04 75/120] SGD init=0.001 noise=0.1 seed=4
[E04 76/120] SGD init=0.01 noise=0 seed=0
[E04 77/120] SGD init=0.01 noise=0 seed=1
[E04 78/120] SGD init=0.01 noise=0 seed=2
[E04 79/120] SGD init=0.01 noise=0 seed=3
[E04 80/120] SGD init=0.01 noise=0 seed=4
[E04 81/120] SGD init=0.01 noise=0.01 seed=0
[E04 82/120] SGD init=0.01 noise=0.01 seed=1
[E04 83/120] SGD init=0.01 noise=0.01 seed=2
[E04 84/120] SGD init=0.01 noise=0.01 seed=3
[E04 85/120] SGD init=0.01 noise=0.01 seed=4
[E04 86/120] SGD init=0.01 noise=0.1 seed=0
[E04 87/120] SGD init=0.01 noise=0.1 seed=1
