E09: 2 algos x 5 wds x 8 seeds = 80 runs

[E09 1/80] Muon-Exact wd=0 seed=0
[E09 2/80] Muon-Exact wd=0 seed=1
[E09 3/80] Muon-Exact wd=0 seed=2
[E09 4/80] Muon-Exact wd=0 seed=3
[E09 5/80] Muon-Exact wd=0 seed=4
[E09 6/80] Muon-Exact wd=0 seed=5
[E09 7/80] Muon-Exact wd=0 seed=6
[E09 8/80] Muon-Exact wd=0 seed=7
[E09 9/80] Muon-Exact wd=1e-05 seed=0
[E09 10/80] Muon-Exact wd=1e-05 seed=1
[E09 11/80] Muon-Exact wd=1e-05 seed=2
[E09 12/80] Muon-Exact wd=1e-05 seed=3
[E09 13/80] Muon-Exact wd=1e-05 seed=4
[E09 14/80] Muon-Exact wd=1e-05 seed=5
[E09 15/80] Muon-Exact wd=1e-05 seed=6
[E09 16/80] Muon-Exact wd=1e-05 seed=7
[E09 17/80] Muon-Exact wd=0.0001 seed=0
[E09 18/80] Muon-Exact wd=0.0001 seed=1
[E09 19/80] Muon-Exact wd=0.0001 seed=2
[E09 20/80] Muon-Exact wd=0.0001 seed=3
[E09 21/80] Muon-Exact wd=0.0001 seed=4
[E09 22/80] Muon-Exact wd=0.0001 seed=5
[E09 23/80] Muon-Exact wd=0.0001 seed=6
[E09 24/80] Muon-Exact wd=0.0001 seed=7
[E09 25/80] Muon-Exact wd=0.001 seed=0
[E09 26/80] Muon-Exact wd=0.001 seed=1
[E09 27/80] Muon-Exact wd=0.001 seed=2
[E09 28/80] Muon-Exact wd=0.001 seed=3
[E09 29/80] Muon-Exact wd=0.001 seed=4
[E09 30/80] Muon-Exact wd=0.001 seed=5
[E09 31/80] Muon-Exact wd=0.001 seed=6
[E09 32/80] Muon-Exact wd=0.001 seed=7
[E09 33/80] Muon-Exact wd=0.01 seed=0
[E09 34/80] Muon-Exact wd=0.01 seed=1
[E09 35/80] Muon-Exact wd=0.01 seed=2
[E09 36/80] Muon-Exact wd=0.01 seed=3
[E09 37/80] Muon-Exact wd=0.01 seed=4
[E09 38/80] Muon-Exact wd=0.01 seed=5
[E09 39/80] Muon-Exact wd=0.01 seed=6
[E09 40/80] Muon-Exact wd=0.01 seed=7
[E09 41/80] SGD wd=0 seed=0
[E09 42/80] SGD wd=0 seed=1
[E09 43/80] SGD wd=0 seed=2
[E09 44/80] SGD wd=0 seed=3
[E09 45/80] SGD wd=0 seed=4
[E09 46/80] SGD wd=0 seed=5
[E09 47/80] SGD wd=0 seed=6
[E09 48/80] SGD wd=0 seed=7
[E09 49/80] SGD wd=1e-05 seed=0
[E09 50/80] SGD wd=1e-05 seed=1
[E09 51/80] SGD wd=1e-05 seed=2
[E09 52/80] SGD wd=1e-05 seed=3
[E09 53/80] SGD wd=1e-05 seed=4
[E09 54/80] SGD wd=1e-05 seed=5
[E09 55/80] SGD wd=1e-05 seed=6
[E09 56/80] SGD wd=1e-05 seed=7
[E09 57/80] SGD wd=0.0001 seed=0
[E09 58/80] SGD wd=0.0001 seed=1
[E09 59/80] SGD wd=0.0001 seed=2
[E09 60/80] SGD wd=0.0001 seed=3
[E09 61/80] SGD wd=0.0001 seed=4
[E09 62/80] SGD wd=0.0001 seed=5
[E09 63/80] SGD wd=0.0001 seed=6
[E09 64/80] SGD wd=0.0001 seed=7
[E09 65/80] SGD wd=0.001 seed=0
[E09 66/80] SGD wd=0.001 seed=1
[E09 67/80] SGD wd=0.001 seed=2
[E09 68/80] SGD wd=0.001 seed=3
[E09 69/80] SGD wd=0.001 seed=4
[E09 70/80] SGD wd=0.001 seed=5
[E09 71/80] SGD wd=0.001 seed=6
[E09 72/80] SGD wd=0.001 seed=7
[E09 73/80] SGD wd=0.01 seed=0
[E09 74/80] SGD wd=0.01 seed=1
[E09 75/80] SGD wd=0.01 seed=2
[E09 76/80] SGD wd=0.01 seed=3
[E09 77/80] SGD wd=0.01 seed=4
[E09 78/80] SGD wd=0.01 seed=5
[E09 79/80] SGD wd=0.01 seed=6
[E09 80/80] SGD wd=0.01 seed=7
Saved E09_detailed: 80 rows → /data/home/tyliu/muonexperiment/results_v2/E09_detailed_results.csv

============================================================
E09 统计汇总
============================================================

algo                     wd    n  avg K_eps     avg loss
------------------------------------------------------------
Muon-Exact         0.00e+00    8       40.9     5.30e-03
Muon-Exact         1.00e-05    8       40.9     5.56e-03
Muon-Exact         1.00e-04    8       40.9     5.46e-03
Muon-Exact         1.00e-03    8       40.9     4.93e-03
Muon-Exact         1.00e-02    8       40.9     6.15e-03
SGD                0.00e+00    8       47.2     3.46e-32
SGD                1.00e-05    8       47.2     1.18e-13
SGD                1.00e-04    8       47.2     1.18e-11
SGD                1.00e-03    8       47.2     1.18e-09
SGD                1.00e-02    8       47.2     1.18e-07

============================================================
配对检验: Muon-Exact vs SGD (K_epsilon)
============================================================
  wd=0.00e+00: t=-34.840 p=0.0000 ✓  Cohen's d=-12.32
  wd=1.00e-05: t=-34.840 p=0.0000 ✓  Cohen's d=-12.32
  wd=1.00e-04: t=-34.840 p=0.0000 ✓  Cohen's d=-12.32
  wd=1.00e-03: t=-34.840 p=0.0000 ✓  Cohen's d=-12.32
  wd=1.00e-02: t=-34.840 p=0.0000 ✓  Cohen's d=-12.32

============================================================
E09 完成
============================================================
