E13: 4 algos x 10 seeds = 40 runs

[E13 1/40] Muon-Exact seed=0
[E13 2/40] Muon-Exact seed=1
[E13 3/40] Muon-Exact seed=2
[E13 4/40] Muon-Exact seed=3
[E13 5/40] Muon-Exact seed=4
[E13 6/40] Muon-Exact seed=5
[E13 7/40] Muon-Exact seed=6
[E13 8/40] Muon-Exact seed=7
[E13 9/40] Muon-Exact seed=8
[E13 10/40] Muon-Exact seed=9
[E13 11/40] Muon-RandSVD seed=0
[E13 12/40] Muon-RandSVD seed=1
[E13 13/40] Muon-RandSVD seed=2
[E13 14/40] Muon-RandSVD seed=3
[E13 15/40] Muon-RandSVD seed=4
[E13 16/40] Muon-RandSVD seed=5
[E13 17/40] Muon-RandSVD seed=6
[E13 18/40] Muon-RandSVD seed=7
[E13 19/40] Muon-RandSVD seed=8
[E13 20/40] Muon-RandSVD seed=9
[E13 21/40] Muon-Trunc seed=0
[E13 22/40] Muon-Trunc seed=1
[E13 23/40] Muon-Trunc seed=2
[E13 24/40] Muon-Trunc seed=3
[E13 25/40] Muon-Trunc seed=4
[E13 26/40] Muon-Trunc seed=5
[E13 27/40] Muon-Trunc seed=6
[E13 28/40] Muon-Trunc seed=7
[E13 29/40] Muon-Trunc seed=8
[E13 30/40] Muon-Trunc seed=9
[E13 31/40] SGD seed=0
[E13 32/40] SGD seed=1
[E13 33/40] SGD seed=2
[E13 34/40] SGD seed=3
[E13 35/40] SGD seed=4
[E13 36/40] SGD seed=5
[E13 37/40] SGD seed=6
[E13 38/40] SGD seed=7
[E13 39/40] SGD seed=8
[E13 40/40] SGD seed=9
Saved E13_detailed: 40 rows → /data/home/tyliu/muonexperiment/results_v2/E13_detailed_results.csv

============================================================
E13 统计汇总 — Wall-clock Time
============================================================

algo                n avg time_s std time_s  avg K_eps     avg loss
-----------------------------------------------------------------
Muon-Exact         10     31.583      0.288       40.9     5.22e-03
Muon-RandSVD       10     31.152      0.144       40.9     1.28e-03
Muon-Trunc         10     34.427      0.266       40.6     7.55e-04
SGD                10     30.364      0.093       47.4     3.59e-32

============================================================
配对检验 (time_s vs Muon-Exact)
============================================================
  Muon vs Muon-RandSVD    : t=+4.831 p=0.0009 ✓  Cohen's d=+1.53
  Muon vs Muon-Trunc      : t=-17.135 p=0.0000 ✓  Cohen's d=-5.42
  Muon vs SGD             : t=+11.667 p=0.0000 ✓  Cohen's d=+3.69

============================================================
FLOPs 对比
============================================================
  Muon-Exact      : 8.50e+09 FLOPs
  Muon-RandSVD    : 8.50e+09 FLOPs
  Muon-Trunc      : 8.50e+09 FLOPs
  SGD             : 5.00e+09 FLOPs

============================================================
E13 完成
============================================================
