E17: 2 algos x 3 inits x 8 seeds = 48
E17 algo:   0%|          | 0/2 [00:00<?, ?it/s][E17 1/48] Muon-Exact init=random seed=0
[E17 2/48] Muon-Exact init=random seed=1
[E17 3/48] Muon-Exact init=random seed=2
[E17 4/48] Muon-Exact init=random seed=3
[E17 5/48] Muon-Exact init=random seed=4
[E17 6/48] Muon-Exact init=random seed=5
[E17 7/48] Muon-Exact init=random seed=6
[E17 8/48] Muon-Exact init=random seed=7
[E17 9/48] Muon-Exact init=orthogonal seed=0
[E17 10/48] Muon-Exact init=orthogonal seed=1
[E17 11/48] Muon-Exact init=orthogonal seed=2
[E17 12/48] Muon-Exact init=orthogonal seed=3
[E17 13/48] Muon-Exact init=orthogonal seed=4
[E17 14/48] Muon-Exact init=orthogonal seed=5
[E17 15/48] Muon-Exact init=orthogonal seed=6
[E17 16/48] Muon-Exact init=orthogonal seed=7
[E17 17/48] Muon-Exact init=spectral seed=0
[E17 18/48] Muon-Exact init=spectral seed=1
[E17 19/48] Muon-Exact init=spectral seed=2
[E17 20/48] Muon-Exact init=spectral seed=3
[E17 21/48] Muon-Exact init=spectral seed=4
[E17 22/48] Muon-Exact init=spectral seed=5
[E17 23/48] Muon-Exact init=spectral seed=6
[E17 24/48] Muon-Exact init=spectral seed=7
E17 algo:  50%|█████     | 1/2 [12:32<12:32, 752.09s/it][E17 25/48] SGD init=random seed=0
[E17 26/48] SGD init=random seed=1
[E17 27/48] SGD init=random seed=2
[E17 28/48] SGD init=random seed=3
[E17 29/48] SGD init=random seed=4
[E17 30/48] SGD init=random seed=5
[E17 31/48] SGD init=random seed=6
[E17 32/48] SGD init=random seed=7
[E17 33/48] SGD init=orthogonal seed=0
[E17 34/48] SGD init=orthogonal seed=1
[E17 35/48] SGD init=orthogonal seed=2
[E17 36/48] SGD init=orthogonal seed=3
[E17 37/48] SGD init=orthogonal seed=4
[E17 38/48] SGD init=orthogonal seed=5
[E17 39/48] SGD init=orthogonal seed=6
[E17 40/48] SGD init=orthogonal seed=7
[E17 41/48] SGD init=spectral seed=0
[E17 42/48] SGD init=spectral seed=1
[E17 43/48] SGD init=spectral seed=2
[E17 44/48] SGD init=spectral seed=3
[E17 45/48] SGD init=spectral seed=4
[E17 46/48] SGD init=spectral seed=5
[E17 47/48] SGD init=spectral seed=6
[E17 48/48] SGD init=spectral seed=7
E17 algo: 100%|██████████| 2/2 [24:25<00:00, 729.14s/it]E17 algo: 100%|██████████| 2/2 [24:25<00:00, 732.59s/it]
Saved E17_detailed: 48 rows

============================================================
algo                   init    avg_K     avg_loss
--------------------------------------------------
Muon-Exact           random     40.9     5.30e-03
Muon-Exact       orthogonal     40.8     5.90e-03
Muon-Exact         spectral     40.8     5.62e-03
SGD                  random     47.2     3.46e-32
SGD              orthogonal     47.0     3.56e-32
SGD                spectral     46.9     3.46e-32

E17 完成
