E20 Phase 1: 100 runs (50 seeds x 2 algos)
E20 algo:   0%|          | 0/2 [00:00<?, ?it/s][E20 1/100] Muon-Exact seed=0
[E20 2/100] Muon-Exact seed=1
[E20 3/100] Muon-Exact seed=2
[E20 4/100] Muon-Exact seed=3
[E20 5/100] Muon-Exact seed=4
[E20 6/100] Muon-Exact seed=5
[E20 7/100] Muon-Exact seed=6
[E20 8/100] Muon-Exact seed=7
[E20 9/100] Muon-Exact seed=8
[E20 10/100] Muon-Exact seed=9
[E20 11/100] Muon-Exact seed=10
[E20 12/100] Muon-Exact seed=11
[E20 13/100] Muon-Exact seed=12
[E20 14/100] Muon-Exact seed=13
[E20 15/100] Muon-Exact seed=14
[E20 16/100] Muon-Exact seed=15
[E20 17/100] Muon-Exact seed=16
[E20 18/100] Muon-Exact seed=17
[E20 19/100] Muon-Exact seed=18
[E20 20/100] Muon-Exact seed=19
[E20 21/100] Muon-Exact seed=20
[E20 22/100] Muon-Exact seed=21
[E20 23/100] Muon-Exact seed=22
[E20 24/100] Muon-Exact seed=23
[E20 25/100] Muon-Exact seed=24
[E20 26/100] Muon-Exact seed=25
[E20 27/100] Muon-Exact seed=26
[E20 28/100] Muon-Exact seed=27
[E20 29/100] Muon-Exact seed=28
[E20 30/100] Muon-Exact seed=29
[E20 31/100] Muon-Exact seed=30
[E20 32/100] Muon-Exact seed=31
[E20 33/100] Muon-Exact seed=32
[E20 34/100] Muon-Exact seed=33
[E20 35/100] Muon-Exact seed=34
[E20 36/100] Muon-Exact seed=35
[E20 37/100] Muon-Exact seed=36
[E20 38/100] Muon-Exact seed=37
[E20 39/100] Muon-Exact seed=38
[E20 40/100] Muon-Exact seed=39
[E20 41/100] Muon-Exact seed=40
[E20 42/100] Muon-Exact seed=41
[E20 43/100] Muon-Exact seed=42
[E20 44/100] Muon-Exact seed=43
[E20 45/100] Muon-Exact seed=44
[E20 46/100] Muon-Exact seed=45
[E20 47/100] Muon-Exact seed=46
[E20 48/100] Muon-Exact seed=47
[E20 49/100] Muon-Exact seed=48
[E20 50/100] Muon-Exact seed=49
E20 algo:  50%|█████     | 1/2 [26:46<26:46, 1606.23s/it][E20 51/100] SGD seed=0
[E20 52/100] SGD seed=1
[E20 53/100] SGD seed=2
[E20 54/100] SGD seed=3
[E20 55/100] SGD seed=4
[E20 56/100] SGD seed=5
[E20 57/100] SGD seed=6
[E20 58/100] SGD seed=7
[E20 59/100] SGD seed=8
[E20 60/100] SGD seed=9
[E20 61/100] SGD seed=10
[E20 62/100] SGD seed=11
[E20 63/100] SGD seed=12
[E20 64/100] SGD seed=13
[E20 65/100] SGD seed=14
[E20 66/100] SGD seed=15
[E20 67/100] SGD seed=16
[E20 68/100] SGD seed=17
[E20 69/100] SGD seed=18
[E20 70/100] SGD seed=19
[E20 71/100] SGD seed=20
[E20 72/100] SGD seed=21
[E20 73/100] SGD seed=22
[E20 74/100] SGD seed=23
[E20 75/100] SGD seed=24
[E20 76/100] SGD seed=25
[E20 77/100] SGD seed=26
[E20 78/100] SGD seed=27
[E20 79/100] SGD seed=28
[E20 80/100] SGD seed=29
